<?xml version="1.0" encoding="UTF-8"?>
<testsuite xmlns:xsi="http://www.w3.org/2001/XMLSchema-instance" xsi:noNamespaceSchemaLocation="https://maven.apache.org/surefire/maven-surefire-plugin/xsd/surefire-test-report.xsd" version="3.0.2" name="com.cloud.bff.BffCloudApplicationTests" time="2.557" tests="1" errors="0" skipped="0" failures="0">
  <properties>
[...]
</properties>
  <testcase name="contextLoads" classname="com.cloud.bff.BffCloudApplicationTests" time="0.608">
    <system-out><![CDATA[23:09:37.942 [main] INFO org.springframework.test.context.support.AnnotationConfigContextLoaderUtils -- Could not detect default configuration classes for test class [com.cloud.bff.BffCloudApplicationTests]: BffCloudApplicationTests does not declare any static, non-private, non-final, nested classes annotated with @Configuration.
23:09:38.044 [main] INFO org.springframework.boot.test.context.SpringBootTestContextBootstrapper -- Found @SpringBootConfiguration com.cloud.bff.BffCloudApplication for test class com.cloud.bff.BffCloudApplicationTests

  .   ____          _            __ _ _
 /\\ / ___'_ __ _ _(_)_ __  __ _ \ \ \ \
( ( )\___ | '_ | '_| | '_ \/ _` | \ \ \ \
 \\/  ___)| |_)| | | | | || (_| |  ) ) ) )
  '  |____| .__|_| |_|_| |_\__, | / / / /
 =========|_|==============|___/=/_/_/_/

 :: Spring Boot ::                (v3.4.4)

2025-04-14T23:09:38.437-04:00  INFO 36868 --- [bff_cloud] [           main] com.cloud.bff.BffCloudApplicationTests   : Starting BffCloudApplicationTests using Java 23.0.1 with PID 36868 (started by petef in C:\proyectos\duoc\cloud 2\git\cloud_bff)
2025-04-14T23:09:38.438-04:00  INFO 36868 --- [bff_cloud] [           main] com.cloud.bff.BffCloudApplicationTests   : No active profile set, falling back to 1 default profile: "default"
2025-04-14T23:09:39.753-04:00  INFO 36868 --- [bff_cloud] [           main] com.cloud.bff.BffCloudApplicationTests   : Started BffCloudApplicationTests in 1.581 seconds (process running for 2.384)
]]></system-out>
    <system-err><![CDATA[Mockito is currently self-attaching to enable the inline-mock-maker. This will no longer work in future releases of the JDK. Please add Mockito as an agent to your build what is described in Mockito's documentation: https://javadoc.io/doc/org.mockito/mockito-core/latest/org/mockito/Mockito.html#0.3
WARNING: A Java agent has been loaded dynamically (C:\Users\petef\.m2\repository\net\bytebuddy\byte-buddy-agent\1.15.11\byte-buddy-agent-1.15.11.jar)
WARNING: If a serviceability tool is in use, please run with -XX:+EnableDynamicAgentLoading to hide this warning
WARNING: If a serviceability tool is not in use, please run with -Djdk.instrument.traceUsage for more information
WARNING: Dynamic loading of agents will be disallowed by default in a future release
]]></system-err>
  </testcase>
</testsuite>